<?xml version="1.0" encoding="UTF-8"?>
<testsuite xmlns:xsi="http://www.w3.org/2001/XMLSchema-instance" xsi:noNamespaceSchemaLocation="https://maven.apache.org/surefire/maven-surefire-plugin/xsd/surefire-test-report.xsd" name="com.mycompany.entities.MercadoTest" time="0.092" tests="13" errors="0" skipped="0" failures="0">
  <properties>
[...]
</properties>
  <testcase name="testExcluir" classname="com.mycompany.entities.MercadoTest" time="0.042"/>
  <testcase name="deveConcluirOPedidoPagandoComDebito" classname="com.mycompany.entities.MercadoTest" time="0.013"/>
  <testcase name="deveConcluirOPedidoPagandoComDinheiro" classname="com.mycompany.entities.MercadoTest" time="0.002"/>
  <testcase name="naoDeveConcluirUmPedidoSemProdutos" classname="com.mycompany.entities.MercadoTest" time="0.001"/>
  <testcase name="naoDeveConcluirOPedidoPagandoComCreditoComParcelasInferioresA20Reais" classname="com.mycompany.entities.MercadoTest" time="0.001"/>
  <testcase name="deveExcluirProdutoDaLista" classname="com.mycompany.entities.MercadoTest" time="0.001"/>
  <testcase name="naoDeveExcluirProdutoDaListaApenasDecrescerQuantidade" classname="com.mycompany.entities.MercadoTest" time="0"/>
  <testcase name="deveConcluirOPedidoPagandoComCredito" classname="com.mycompany.entities.MercadoTest" time="0.006"/>
  <testcase name="testEditar" classname="com.mycompany.entities.MercadoTest" time="0.001"/>
  <testcase name="deveCadastrarPedido" classname="com.mycompany.entities.MercadoTest" time="0"/>
  <testcase name="testInserir" classname="com.mycompany.entities.MercadoTest" time="0"/>
  <testcase name="adicionarProdutoNoPedido" classname="com.mycompany.entities.MercadoTest" time="0"/>
  <testcase name="naoDeveAdicionarDoisProdutosRepetidosDeveAcrescerAQuantidade" classname="com.mycompany.entities.MercadoTest" time="0.001"/>
</testsuite>